<?xml version="1.0" encoding="UTF-8"?>
<!-- Generated by org.testng.reporters.JUnitXMLReporter -->
<testsuite ignored="0" hostname="LAPTOP-K2LM99RE" failures="0" tests="3" name="Default test" time="0.083" errors="0" timestamp="2023-03-20T22:13:22 IST">
  <testcase classname="testing.newv" name="@BeforeTest OpenBrowser" time="-1.67933060249E9">
    <failure type="org.testng.TestNGException" message="
Parameter &amp;apos;browser&amp;apos; is required by BeforeTest on method OpenBrowser but has not been marked @Optional or defined
in C:\Users\vaishnavee\AppData\Local\Temp\testng-eclipse--1160836897\testng-customsuite.xml">
      <![CDATA[org.testng.TestNGException: 
Parameter 'browser' is required by BeforeTest on method OpenBrowser but has not been marked @Optional or defined
in C:\Users\vaishnavee\AppData\Local\Temp\testng-eclipse--1160836897\testng-customsuite.xml
at org.testng.internal.Parameters.createParams(Parameters.java:270)
at org.testng.internal.Parameters.createParametersForMethod(Parameters.java:358)
at org.testng.internal.Parameters.createParameters(Parameters.java:700)
at org.testng.internal.Parameters.createConfigurationParameters(Parameters.java:168)
at org.testng.internal.ConfigInvoker.invokeConfigurations(ConfigInvoker.java:302)
at org.testng.TestRunner.invokeTestConfigurations(TestRunner.java:637)
at org.testng.TestRunner.beforeRun(TestRunner.java:627)
at org.testng.TestRunner.run(TestRunner.java:589)
at org.testng.SuiteRunner.runTest(SuiteRunner.java:377)
at org.testng.SuiteRunner.runSequentially(SuiteRunner.java:371)
at org.testng.SuiteRunner.privateRun(SuiteRunner.java:332)
at org.testng.SuiteRunner.run(SuiteRunner.java:276)
at org.testng.SuiteRunnerWorker.runSuite(SuiteRunnerWorker.java:53)
at org.testng.SuiteRunnerWorker.run(SuiteRunnerWorker.java:96)
at org.testng.TestNG.runSuitesSequentially(TestNG.java:1212)
at org.testng.TestNG.runSuitesLocally(TestNG.java:1134)
at org.testng.TestNG.runSuites(TestNG.java:1063)
at org.testng.TestNG.run(TestNG.java:1031)
at org.testng.remote.AbstractRemoteTestNG.run(AbstractRemoteTestNG.java:115)
at org.testng.remote.RemoteTestNG.initAndRun(RemoteTestNG.java:251)
at org.testng.remote.RemoteTestNG.main(RemoteTestNG.java:77)
]]>
    </failure>
  </testcase> <!-- @BeforeTest OpenBrowser -->
  <testcase classname="testing.newv" name="@BeforeClass beforeclass" time="-1.679330602518E9">
    <skipped/>
  </testcase> <!-- @BeforeClass beforeclass -->
  <testcase classname="testing.newv" name="@BeforeMethod beforemethod" time="-1.679330602532E9">
    <skipped/>
  </testcase> <!-- @BeforeMethod beforemethod -->
  <testcase classname="testing.newv" name="@AfterMethod aftermethod" time="-1.679330602538E9">
    <skipped/>
  </testcase> <!-- @AfterMethod aftermethod -->
  <testcase classname="testing.newv" name="@BeforeMethod beforemethod" time="-1.679330602543E9">
    <skipped/>
  </testcase> <!-- @BeforeMethod beforemethod -->
  <testcase classname="testing.newv" name="@AfterMethod aftermethod" time="-1.679330602547E9">
    <skipped/>
  </testcase> <!-- @AfterMethod aftermethod -->
  <testcase classname="testing.newv" name="@BeforeMethod beforemethod" time="-1.679330602549E9">
    <skipped/>
  </testcase> <!-- @BeforeMethod beforemethod -->
  <testcase classname="testing.newv" name="@AfterMethod aftermethod" time="-1.679330602551E9">
    <skipped/>
  </testcase> <!-- @AfterMethod aftermethod -->
  <testcase classname="testing.newv" name="@AfterClass afterclass" time="-1.679330602561E9">
    <skipped/>
  </testcase> <!-- @AfterClass afterclass -->
  <testcase classname="testing.newv" name="@AfterTest browsreclose" time="-1.679330602566E9">
    <skipped/>
  </testcase> <!-- @AfterTest browsreclose -->
  <testcase classname="testing.newv" name="To_verify_the_Teacherpage" time="0.0">
    <skipped/>
  </testcase> <!-- To_verify_the_Teacherpage -->
  <testcase classname="testing.newv" name="To_verify_the_homepage" time="0.0">
    <skipped/>
  </testcase> <!-- To_verify_the_homepage -->
  <testcase classname="testing.newv" name="To_verify_the_teacherpage_joinclass" time="0.0">
    <skipped/>
  </testcase> <!-- To_verify_the_teacherpage_joinclass -->
</testsuite> <!-- Default test -->
